2025-02-24 23:32:44,054 INFO: Doar Sonhos startup [in C:\Users\Lincoln\CascadeProjects\donate-shop\app.py:35]
2025-02-24 23:32:44,063 ERROR: Tentativa 1 de 3 falhou: Connection() got an unexpected keyword argument 'connect_timeout' [in C:\Users\Lincoln\CascadeProjects\donate-shop\app.py:62]
2025-02-24 23:32:44,063 INFO: Aguardando 5 segundos antes de tentar novamente... [in C:\Users\Lincoln\CascadeProjects\donate-shop\app.py:71]
2025-02-24 23:32:49,064 ERROR: Tentativa 2 de 3 falhou: A 'SQLAlchemy' instance has already been registered on this Flask app. Import and use that instance instead. [in C:\Users\Lincoln\CascadeProjects\donate-shop\app.py:62]
2025-02-24 23:32:49,064 INFO: Aguardando 5 segundos antes de tentar novamente... [in C:\Users\Lincoln\CascadeProjects\donate-shop\app.py:71]
2025-02-24 23:32:54,064 ERROR: Tentativa 3 de 3 falhou: A 'SQLAlchemy' instance has already been registered on this Flask app. Import and use that instance instead. [in C:\Users\Lincoln\CascadeProjects\donate-shop\app.py:62]
2025-02-24 23:32:54,064 ERROR: Todas as tentativas de conexão falharam. [in C:\Users\Lincoln\CascadeProjects\donate-shop\app.py:74]
2025-02-24 23:32:57,967 INFO: Doar Sonhos startup [in C:\Users\Lincoln\CascadeProjects\donate-shop\app.py:35]
2025-02-24 23:32:57,975 ERROR: Tentativa 1 de 3 falhou: Connection() got an unexpected keyword argument 'connect_timeout' [in C:\Users\Lincoln\CascadeProjects\donate-shop\app.py:62]
2025-02-24 23:32:57,975 INFO: Aguardando 5 segundos antes de tentar novamente... [in C:\Users\Lincoln\CascadeProjects\donate-shop\app.py:71]
2025-02-24 23:33:02,975 ERROR: Tentativa 2 de 3 falhou: A 'SQLAlchemy' instance has already been registered on this Flask app. Import and use that instance instead. [in C:\Users\Lincoln\CascadeProjects\donate-shop\app.py:62]
2025-02-24 23:33:02,975 INFO: Aguardando 5 segundos antes de tentar novamente... [in C:\Users\Lincoln\CascadeProjects\donate-shop\app.py:71]
2025-02-24 23:33:07,975 ERROR: Tentativa 3 de 3 falhou: A 'SQLAlchemy' instance has already been registered on this Flask app. Import and use that instance instead. [in C:\Users\Lincoln\CascadeProjects\donate-shop\app.py:62]
2025-02-24 23:33:07,976 ERROR: Todas as tentativas de conexão falharam. [in C:\Users\Lincoln\CascadeProjects\donate-shop\app.py:74]
2025-02-24 23:34:10,148 INFO: Doar Sonhos startup [in C:\Users\Lincoln\CascadeProjects\donate-shop\app.py:35]
2025-02-24 23:34:10,155 ERROR: Tentativa 1 de 3 falhou: Connection() got an unexpected keyword argument 'connect_timeout' [in C:\Users\Lincoln\CascadeProjects\donate-shop\app.py:62]
2025-02-24 23:34:10,155 INFO: Aguardando 5 segundos antes de tentar novamente... [in C:\Users\Lincoln\CascadeProjects\donate-shop\app.py:71]
2025-02-24 23:34:15,155 ERROR: Tentativa 2 de 3 falhou: Connection() got an unexpected keyword argument 'connect_timeout' [in C:\Users\Lincoln\CascadeProjects\donate-shop\app.py:62]
2025-02-24 23:34:15,155 INFO: Aguardando 5 segundos antes de tentar novamente... [in C:\Users\Lincoln\CascadeProjects\donate-shop\app.py:71]
2025-02-24 23:34:20,156 ERROR: Tentativa 3 de 3 falhou: Connection() got an unexpected keyword argument 'connect_timeout' [in C:\Users\Lincoln\CascadeProjects\donate-shop\app.py:62]
2025-02-24 23:34:20,156 ERROR: Todas as tentativas de conexão falharam. [in C:\Users\Lincoln\CascadeProjects\donate-shop\app.py:74]
2025-02-24 23:34:25,675 INFO: Doar Sonhos startup [in C:\Users\Lincoln\CascadeProjects\donate-shop\app.py:35]
2025-02-24 23:34:25,682 ERROR: Tentativa 1 de 3 falhou: Connection() got an unexpected keyword argument 'connect_timeout' [in C:\Users\Lincoln\CascadeProjects\donate-shop\app.py:62]
2025-02-24 23:34:25,682 INFO: Aguardando 5 segundos antes de tentar novamente... [in C:\Users\Lincoln\CascadeProjects\donate-shop\app.py:71]
2025-02-24 23:34:30,682 ERROR: Tentativa 2 de 3 falhou: Connection() got an unexpected keyword argument 'connect_timeout' [in C:\Users\Lincoln\CascadeProjects\donate-shop\app.py:62]
2025-02-24 23:34:30,682 INFO: Aguardando 5 segundos antes de tentar novamente... [in C:\Users\Lincoln\CascadeProjects\donate-shop\app.py:71]
2025-02-24 23:34:35,683 ERROR: Tentativa 3 de 3 falhou: Connection() got an unexpected keyword argument 'connect_timeout' [in C:\Users\Lincoln\CascadeProjects\donate-shop\app.py:62]
2025-02-24 23:34:35,683 ERROR: Todas as tentativas de conexão falharam. [in C:\Users\Lincoln\CascadeProjects\donate-shop\app.py:74]
2025-02-24 23:35:30,291 INFO: Doar Sonhos startup [in C:\Users\Lincoln\CascadeProjects\donate-shop\app.py:35]
2025-02-24 23:35:30,299 ERROR: Tentativa 1 de 3 falhou: Connection() got an unexpected keyword argument 'options' [in C:\Users\Lincoln\CascadeProjects\donate-shop\app.py:62]
2025-02-24 23:35:30,299 INFO: Aguardando 5 segundos antes de tentar novamente... [in C:\Users\Lincoln\CascadeProjects\donate-shop\app.py:71]
2025-02-24 23:35:35,299 ERROR: Tentativa 2 de 3 falhou: Connection() got an unexpected keyword argument 'options' [in C:\Users\Lincoln\CascadeProjects\donate-shop\app.py:62]
2025-02-24 23:35:35,300 INFO: Aguardando 5 segundos antes de tentar novamente... [in C:\Users\Lincoln\CascadeProjects\donate-shop\app.py:71]
2025-02-24 23:35:40,300 ERROR: Tentativa 3 de 3 falhou: Connection() got an unexpected keyword argument 'options' [in C:\Users\Lincoln\CascadeProjects\donate-shop\app.py:62]
2025-02-24 23:35:40,300 ERROR: Todas as tentativas de conexão falharam. [in C:\Users\Lincoln\CascadeProjects\donate-shop\app.py:74]
